[debug] [2025-09-04T09:28:27.343Z] ----------------------------------------------------------------------
[debug] [2025-09-04T09:28:27.347Z] Command:       C:\Program Files\node-v22.17.1-win-x64\node-v22.17.1-win-x64\node.exe C:\Program Files\node-v22.17.1-win-x64\node-v22.17.1-win-x64\node_modules\firebase-tools\lib\bin\firebase.js init
[debug] [2025-09-04T09:28:27.347Z] CLI Version:   14.15.2
[debug] [2025-09-04T09:28:27.347Z] Platform:      win32
[debug] [2025-09-04T09:28:27.348Z] Node Version:  v22.17.1
[debug] [2025-09-04T09:28:27.348Z] Time:          Thu Sep 04 2025 14:58:27 GMT+0530 (India Standard Time)
[debug] [2025-09-04T09:28:27.348Z] ----------------------------------------------------------------------
[debug] 
[debug] [2025-09-04T09:28:27.356Z] > command requires scopes: ["email","openid","https://www.googleapis.com/auth/cloudplatformprojects.readonly","https://www.googleapis.com/auth/firebase","https://www.googleapis.com/auth/cloud-platform"]
[debug] [2025-09-04T09:28:27.357Z] > authorizing via signed-in user (kundankushwaha8u@gmail.com)
[info] 
     ######## #### ########  ######## ########     ###     ######  ########
     ##        ##  ##     ## ##       ##     ##  ##   ##  ##       ##
     ######    ##  ########  ######   ########  #########  ######  ######
     ##        ##  ##    ##  ##       ##     ## ##     ##       ## ##
     ##       #### ##     ## ######## ########  ##     ##  ######  ########

You're about to initialize a Firebase project in this directory:

  C:\Users\SUBHAM\Desktop\ToDoList

[info] 
=== Project Setup
[info] 
[info] First, let's associate this project directory with a Firebase project.
[info] You can create multiple project aliases by running firebase use --add, 
[info] but for now we'll just set up a default project.
[info] 
[debug] [2025-09-04T09:28:37.522Z] Checked if tokens are valid: true, expires at: 1756981670949
[debug] [2025-09-04T09:28:37.523Z] Checked if tokens are valid: true, expires at: 1756981670949
[debug] [2025-09-04T09:28:37.525Z] >>> [apiv2][query] GET https://firebase.googleapis.com/v1beta1/projects pageSize=100
[debug] [2025-09-04T09:28:38.680Z] <<< [apiv2][status] GET https://firebase.googleapis.com/v1beta1/projects 200
[debug] [2025-09-04T09:28:38.680Z] <<< [apiv2][body] GET https://firebase.googleapis.com/v1beta1/projects [omitted]
[info] i  Using project note-sflow (Note-SFlow) 
[info] 
=== Hosting Setup
[debug] [2025-09-04T09:28:40.494Z] Checked if tokens are valid: true, expires at: 1756981670949
[debug] [2025-09-04T09:28:40.494Z] Checked if tokens are valid: true, expires at: 1756981670949
[debug] [2025-09-04T09:28:40.495Z] >>> [apiv2][query] GET https://firebase.googleapis.com/v1beta1/projects/note-sflow [none]
[debug] [2025-09-04T09:28:40.894Z] <<< [apiv2][status] GET https://firebase.googleapis.com/v1beta1/projects/note-sflow 200
[debug] [2025-09-04T09:28:40.895Z] <<< [apiv2][body] GET https://firebase.googleapis.com/v1beta1/projects/note-sflow {"projectId":"note-sflow","projectNumber":"512280858386","displayName":"Note-SFlow","name":"projects/note-sflow","resources":{"hostingSite":"note-sflow","realtimeDatabaseInstance":"note-sflow-default-rtdb"},"state":"ACTIVE","etag":"1_c6a1297a-6d79-4c11-a347-972eff39d0a9"}
[info] 
[info] Your public directory is the folder (relative to your project directory) that
[info] will contain Hosting assets to be uploaded with firebase deploy. If you
[info] have a build process for your assets, use your build's output directory.
[info] 
[info] +  Wrote ./404.html 
[debug] [2025-09-04T09:29:01.028Z] >>> [apiv2][query] GET https://www.gstatic.com/firebasejs/releases.json [none]
[debug] [2025-09-04T09:29:01.142Z] <<< [apiv2][status] GET https://www.gstatic.com/firebasejs/releases.json 200
[debug] [2025-09-04T09:29:01.143Z] <<< [apiv2][body] GET https://www.gstatic.com/firebasejs/releases.json {"current":{"version":"12.2.1","browserURL":"https://www.gstatic.com/firebasejs/12.2.1/firebase.js","packageURL":"https://www.gstatic.com/firebasejs/12.2.1/firebase.tgz"},"live":{"version":"12.2","browserURL":"https://www.gstatic.com/firebasejs/live/12.2/firebase.js","packageURL":"https://www.gstatic.com/firebasejs/live/12.2/firebase.tgz"},"components":{"ai":"https://www.gstatic.com/firebasejs/12.2.1/firebase-ai.js","analytics":"https://www.gstatic.com/firebasejs/12.2.1/firebase-analytics.js","app":"https://www.gstatic.com/firebasejs/12.2.1/firebase-app.js","app-check":"https://www.gstatic.com/firebasejs/12.2.1/firebase-app-check.js","auth":"https://www.gstatic.com/firebasejs/12.2.1/firebase-auth.js","auth/cordova":"https://www.gstatic.com/firebasejs/12.2.1/firebase-auth/cordova.js","auth/web-extension":"https://www.gstatic.com/firebasejs/12.2.1/firebase-auth/web-extension.js","functions":"https://www.gstatic.com/firebasejs/12.2.1/firebase-functions.js","firestore":"https://www.gstatic.com/firebasejs/12.2.1/firebase-firestore.js","firestore/lite":"https://www.gstatic.com/firebasejs/12.2.1/firebase-firestore/lite.js","installations":"https://www.gstatic.com/firebasejs/12.2.1/firebase-installations.js","storage":"https://www.gstatic.com/firebasejs/12.2.1/firebase-storage.js","performance":"https://www.gstatic.com/firebasejs/12.2.1/firebase-performance.js","remote-config":"https://www.gstatic.com/firebasejs/12.2.1/firebase-remote-config.js","messaging":"https://www.gstatic.com/firebasejs/12.2.1/firebase-messaging.js","messaging/sw":"https://www.gstatic.com/firebasejs/12.2.1/firebase-messaging/sw.js","database":"https://www.gstatic.com/firebasejs/12.2.1/firebase-database.js","data-connect":"https://www.gstatic.com/firebasejs/12.2.1/firebase-data-connect.js","firestore.memory":"https://www.gstatic.com/firebasejs/12.2.1/firebase-firestore.memory.js"}}
[info] +  Wrote ./index.html 
[info] 
[info] i  Detected a .git folder at C:\Users\SUBHAM\Desktop\ToDoList 
[info] i  Authorizing with GitHub to upload your service account to a GitHub repository's secrets store. 
[info] 
[info] Visit this URL on this device to log in:
[info] https://github.com/login/oauth/authorize?client_id=89cf50f02ac6aaed3484&state=788430054&redirect_uri=http%3A%2F%2Flocalhost%3A9005&scope=read%3Auser%20repo%20public_repo
[info] 
[info] Waiting for authentication...
[debug] [2025-09-04T09:29:09.692Z] >>> [apiv2][query] POST https://github.com/login/oauth/access_token [none]
[debug] [2025-09-04T09:29:09.693Z] >>> [apiv2][body] POST https://github.com/login/oauth/access_token [stream]
[debug] [2025-09-04T09:29:10.227Z] <<< [apiv2][status] POST https://github.com/login/oauth/access_token 200
[debug] [2025-09-04T09:29:10.228Z] <<< [apiv2][body] POST https://github.com/login/oauth/access_token {"access_token":"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","token_type":"bearer","scope":"read:user,repo"}
[debug] [2025-09-04T09:29:10.244Z] >>> [apiv2][query] GET https://api.github.com/user [none]
[debug] [2025-09-04T09:29:10.726Z] <<< [apiv2][status] GET https://api.github.com/user 200
[debug] [2025-09-04T09:29:10.726Z] <<< [apiv2][body] GET https://api.github.com/user {"login":"QuizLeapsBooks","id":167664682,"node_id":"U_kgDOCf5cKg","avatar_url":"https://avatars.githubusercontent.com/u/167664682?v=4","gravatar_id":"","url":"https://api.github.com/users/QuizLeapsBooks","html_url":"https://github.com/QuizLeapsBooks","followers_url":"https://api.github.com/users/QuizLeapsBooks/followers","following_url":"https://api.github.com/users/QuizLeapsBooks/following{/other_user}","gists_url":"https://api.github.com/users/QuizLeapsBooks/gists{/gist_id}","starred_url":"https://api.github.com/users/QuizLeapsBooks/starred{/owner}{/repo}","subscriptions_url":"https://api.github.com/users/QuizLeapsBooks/subscriptions","organizations_url":"https://api.github.com/users/QuizLeapsBooks/orgs","repos_url":"https://api.github.com/users/QuizLeapsBooks/repos","events_url":"https://api.github.com/users/QuizLeapsBooks/events{/privacy}","received_events_url":"https://api.github.com/users/QuizLeapsBooks/received_events","type":"User","user_view_type":"private","site_admin":false,"name":"Shubham Singh","company":null,"blog":"https://quizleapsbooks.github.io/Welcome_Quiz_Leap_Books/","location":null,"email":null,"hireable":null,"bio":"I am 13 years old student to learn Web Development and Programming. Currently I know 4 languages only ( I have strong command on 2 languages). \r\n-Shubham Singh","twitter_username":null,"notification_email":null,"public_repos":27,"public_gists":0,"followers":1,"following":0,"created_at":"2024-04-21T04:00:00Z","updated_at":"2025-07-27T12:36:13Z","private_gists":0,"total_private_repos":6,"owned_private_repos":6,"disk_usage":36230,"collaborators":0,"two_factor_authentication":false,"plan":{"name":"free","space":976562499,"collaborators":0,"private_repos":10000}}
[info] 
[info] +  Success! Logged into GitHub as QuizLeapsBooks 
[info] 
